2025-04-13 14:19:03 | INFO | TRAINING_EPOCH: 100
2025-04-13 14:19:03 | INFO | LEARNING_RATE: 0.001
2025-04-13 14:19:03 | INFO | NN_HIDDEN_DIM_1: 200
2025-04-13 14:19:03 | INFO | NN_HIDDEN_DIM_2: 200
2025-04-13 14:19:03 | INFO | BATCH_SIZE: 100000
2025-04-13 14:19:03 | INFO | Using device: cuda
2025-04-13 14:19:03 | INFO | ============== Start Classifying ==============
2025-04-13 14:19:03 | INFO | Loading tokenized_baseball.csv
2025-04-13 14:19:04 | INFO | Loading tokenized_Boy-Girl.csv
2025-04-13 14:19:04 | INFO | Loading tokenized_c_chat.csv
2025-04-13 14:19:04 | INFO | Loading tokenized_hatepolitics.csv
2025-04-13 14:19:04 | INFO | Loading tokenized_Lifeismoney.csv
2025-04-13 14:19:04 | INFO | Loading tokenized_Military.csv
2025-04-13 14:19:04 | INFO | Loading tokenized_pc_shopping.csv
2025-04-13 14:19:05 | INFO | Loading tokenized_stock.csv
2025-04-13 14:19:05 | INFO | Loading tokenized_Tech_Job.csv
2025-04-13 14:19:05 | INFO | Label Mapping: {'Boy-Girl': 0, 'Lifeismoney': 1, 'Military': 2, 'Tech_Job': 3, 'baseball': 4, 'c_chat': 5, 'hatepolitics': 6, 'pc_shopping': 7, 'stock': 8}
2025-04-13 14:19:05 | INFO | Loading Embedded Data
2025-04-13 14:19:14 | INFO | Embedded data Loaded
2025-04-13 14:19:24 | INFO | Epoch [1/100]
2025-04-13 14:19:24 | INFO | Loss: 2.1173, Train Accuracy: 22.15%, Test Accuracy: 27.72%
2025-04-13 14:19:31 | INFO | Epoch [2/100]
2025-04-13 14:19:31 | INFO | Loss: 2.0086, Train Accuracy: 29.09%, Test Accuracy: 32.53%
2025-04-13 14:19:39 | INFO | Epoch [3/100]
2025-04-13 14:19:39 | INFO | Loss: 1.9092, Train Accuracy: 34.16%, Test Accuracy: 36.48%
2025-04-13 14:19:47 | INFO | Epoch [4/100]
2025-04-13 14:19:47 | INFO | Loss: 1.7740, Train Accuracy: 37.80%, Test Accuracy: 39.63%
2025-04-13 14:19:54 | INFO | Epoch [5/100]
2025-04-13 14:19:54 | INFO | Loss: 1.6130, Train Accuracy: 41.89%, Test Accuracy: 46.33%
2025-04-13 14:20:02 | INFO | Epoch [6/100]
2025-04-13 14:20:02 | INFO | Loss: 1.4484, Train Accuracy: 49.79%, Test Accuracy: 52.75%
2025-04-13 14:20:09 | INFO | Epoch [7/100]
2025-04-13 14:20:09 | INFO | Loss: 1.2982, Train Accuracy: 55.52%, Test Accuracy: 58.57%
2025-04-13 14:20:16 | INFO | Epoch [8/100]
2025-04-13 14:20:16 | INFO | Loss: 1.1814, Train Accuracy: 59.93%, Test Accuracy: 61.79%
2025-04-13 14:20:23 | INFO | Epoch [9/100]
2025-04-13 14:20:23 | INFO | Loss: 1.1023, Train Accuracy: 62.57%, Test Accuracy: 63.68%
2025-04-13 14:20:30 | INFO | Epoch [10/100]
2025-04-13 14:20:30 | INFO | Loss: 1.0527, Train Accuracy: 64.25%, Test Accuracy: 64.97%
2025-04-13 14:20:37 | INFO | Epoch [11/100]
2025-04-13 14:20:37 | INFO | Loss: 1.0222, Train Accuracy: 65.38%, Test Accuracy: 65.72%
2025-04-13 14:20:44 | INFO | Epoch [12/100]
2025-04-13 14:20:44 | INFO | Loss: 1.0018, Train Accuracy: 66.14%, Test Accuracy: 66.38%
2025-04-13 14:20:51 | INFO | Epoch [13/100]
2025-04-13 14:20:51 | INFO | Loss: 0.9861, Train Accuracy: 66.74%, Test Accuracy: 66.87%
2025-04-13 14:20:59 | INFO | Epoch [14/100]
2025-04-13 14:20:59 | INFO | Loss: 0.9726, Train Accuracy: 67.23%, Test Accuracy: 67.43%
2025-04-13 14:21:06 | INFO | Epoch [15/100]
2025-04-13 14:21:06 | INFO | Loss: 0.9598, Train Accuracy: 67.73%, Test Accuracy: 67.90%
2025-04-13 14:21:13 | INFO | Epoch [16/100]
2025-04-13 14:21:13 | INFO | Loss: 0.9476, Train Accuracy: 68.16%, Test Accuracy: 68.29%
2025-04-13 14:21:20 | INFO | Epoch [17/100]
2025-04-13 14:21:20 | INFO | Loss: 0.9359, Train Accuracy: 68.60%, Test Accuracy: 68.74%
2025-04-13 14:21:26 | INFO | Epoch [18/100]
2025-04-13 14:21:26 | INFO | Loss: 0.9244, Train Accuracy: 69.04%, Test Accuracy: 69.17%
2025-04-13 14:21:33 | INFO | Epoch [19/100]
2025-04-13 14:21:33 | INFO | Loss: 0.9134, Train Accuracy: 69.44%, Test Accuracy: 69.53%
2025-04-13 14:21:41 | INFO | Epoch [20/100]
2025-04-13 14:21:41 | INFO | Loss: 0.9025, Train Accuracy: 69.87%, Test Accuracy: 69.92%
2025-04-13 14:21:48 | INFO | Epoch [21/100]
2025-04-13 14:21:48 | INFO | Loss: 0.8920, Train Accuracy: 70.26%, Test Accuracy: 70.32%
2025-04-13 14:21:55 | INFO | Epoch [22/100]
2025-04-13 14:21:55 | INFO | Loss: 0.8816, Train Accuracy: 70.66%, Test Accuracy: 70.66%
2025-04-13 14:22:02 | INFO | Epoch [23/100]
2025-04-13 14:22:02 | INFO | Loss: 0.8716, Train Accuracy: 71.07%, Test Accuracy: 70.99%
2025-04-13 14:22:08 | INFO | Epoch [24/100]
2025-04-13 14:22:08 | INFO | Loss: 0.8619, Train Accuracy: 71.44%, Test Accuracy: 71.37%
2025-04-13 14:22:15 | INFO | Epoch [25/100]
2025-04-13 14:22:15 | INFO | Loss: 0.8526, Train Accuracy: 71.81%, Test Accuracy: 71.71%
2025-04-13 14:22:24 | INFO | Epoch [26/100]
2025-04-13 14:22:24 | INFO | Loss: 0.8434, Train Accuracy: 72.19%, Test Accuracy: 72.04%
2025-04-13 14:22:31 | INFO | Epoch [27/100]
2025-04-13 14:22:31 | INFO | Loss: 0.8349, Train Accuracy: 72.53%, Test Accuracy: 72.39%
2025-04-13 14:22:39 | INFO | Epoch [28/100]
2025-04-13 14:22:39 | INFO | Loss: 0.8267, Train Accuracy: 72.85%, Test Accuracy: 72.60%
2025-04-13 14:22:45 | INFO | Epoch [29/100]
2025-04-13 14:22:45 | INFO | Loss: 0.8187, Train Accuracy: 73.14%, Test Accuracy: 72.94%
2025-04-13 14:22:52 | INFO | Epoch [30/100]
2025-04-13 14:22:52 | INFO | Loss: 0.8112, Train Accuracy: 73.45%, Test Accuracy: 73.20%
2025-04-13 14:23:00 | INFO | Epoch [31/100]
2025-04-13 14:23:00 | INFO | Loss: 0.8040, Train Accuracy: 73.73%, Test Accuracy: 73.47%
2025-04-13 14:23:08 | INFO | Epoch [32/100]
2025-04-13 14:23:08 | INFO | Loss: 0.7973, Train Accuracy: 73.96%, Test Accuracy: 73.70%
2025-04-13 14:23:15 | INFO | Epoch [33/100]
2025-04-13 14:23:15 | INFO | Loss: 0.7907, Train Accuracy: 74.22%, Test Accuracy: 73.93%
2025-04-13 14:23:22 | INFO | Epoch [34/100]
2025-04-13 14:23:22 | INFO | Loss: 0.7845, Train Accuracy: 74.47%, Test Accuracy: 74.13%
2025-04-13 14:23:29 | INFO | Epoch [35/100]
2025-04-13 14:23:29 | INFO | Loss: 0.7786, Train Accuracy: 74.69%, Test Accuracy: 74.36%
2025-04-13 14:23:36 | INFO | Epoch [36/100]
2025-04-13 14:23:36 | INFO | Loss: 0.7728, Train Accuracy: 74.89%, Test Accuracy: 74.55%
2025-04-13 14:23:43 | INFO | Epoch [37/100]
2025-04-13 14:23:43 | INFO | Loss: 0.7673, Train Accuracy: 75.10%, Test Accuracy: 74.70%
2025-04-13 14:23:51 | INFO | Epoch [38/100]
2025-04-13 14:23:51 | INFO | Loss: 0.7620, Train Accuracy: 75.27%, Test Accuracy: 74.89%
2025-04-13 14:23:58 | INFO | Epoch [39/100]
2025-04-13 14:23:58 | INFO | Loss: 0.7569, Train Accuracy: 75.44%, Test Accuracy: 75.00%
2025-04-13 14:24:06 | INFO | Epoch [40/100]
2025-04-13 14:24:06 | INFO | Loss: 0.7520, Train Accuracy: 75.61%, Test Accuracy: 75.17%
2025-04-13 14:24:13 | INFO | Epoch [41/100]
2025-04-13 14:24:13 | INFO | Loss: 0.7471, Train Accuracy: 75.76%, Test Accuracy: 75.33%
2025-04-13 14:24:19 | INFO | Epoch [42/100]
2025-04-13 14:24:19 | INFO | Loss: 0.7427, Train Accuracy: 75.90%, Test Accuracy: 75.43%
2025-04-13 14:24:27 | INFO | Epoch [43/100]
2025-04-13 14:24:27 | INFO | Loss: 0.7383, Train Accuracy: 76.02%, Test Accuracy: 75.56%
2025-04-13 14:24:34 | INFO | Epoch [44/100]
2025-04-13 14:24:34 | INFO | Loss: 0.7340, Train Accuracy: 76.18%, Test Accuracy: 75.72%
2025-04-13 14:24:42 | INFO | Epoch [45/100]
2025-04-13 14:24:42 | INFO | Loss: 0.7297, Train Accuracy: 76.30%, Test Accuracy: 75.80%
2025-04-13 14:24:49 | INFO | Epoch [46/100]
2025-04-13 14:24:49 | INFO | Loss: 0.7257, Train Accuracy: 76.40%, Test Accuracy: 75.93%
2025-04-13 14:24:56 | INFO | Epoch [47/100]
2025-04-13 14:24:56 | INFO | Loss: 0.7217, Train Accuracy: 76.52%, Test Accuracy: 76.04%
2025-04-13 14:25:03 | INFO | Epoch [48/100]
2025-04-13 14:25:03 | INFO | Loss: 0.7177, Train Accuracy: 76.66%, Test Accuracy: 76.22%
2025-04-13 14:25:10 | INFO | Epoch [49/100]
2025-04-13 14:25:10 | INFO | Loss: 0.7140, Train Accuracy: 76.79%, Test Accuracy: 76.32%
2025-04-13 14:25:18 | INFO | Epoch [50/100]
2025-04-13 14:25:18 | INFO | Loss: 0.7101, Train Accuracy: 76.91%, Test Accuracy: 76.41%
2025-04-13 14:25:25 | INFO | Epoch [51/100]
2025-04-13 14:25:25 | INFO | Loss: 0.7065, Train Accuracy: 77.03%, Test Accuracy: 76.52%
2025-04-13 14:25:33 | INFO | Epoch [52/100]
2025-04-13 14:25:33 | INFO | Loss: 0.7028, Train Accuracy: 77.13%, Test Accuracy: 76.62%
2025-04-13 14:25:39 | INFO | Epoch [53/100]
2025-04-13 14:25:39 | INFO | Loss: 0.6993, Train Accuracy: 77.22%, Test Accuracy: 76.76%
2025-04-13 14:25:46 | INFO | Epoch [54/100]
2025-04-13 14:25:46 | INFO | Loss: 0.6960, Train Accuracy: 77.34%, Test Accuracy: 76.86%
2025-04-13 14:25:53 | INFO | Epoch [55/100]
2025-04-13 14:25:53 | INFO | Loss: 0.6926, Train Accuracy: 77.44%, Test Accuracy: 76.94%
2025-04-13 14:26:01 | INFO | Epoch [56/100]
2025-04-13 14:26:01 | INFO | Loss: 0.6893, Train Accuracy: 77.54%, Test Accuracy: 77.08%
2025-04-13 14:26:07 | INFO | Epoch [57/100]
2025-04-13 14:26:07 | INFO | Loss: 0.6861, Train Accuracy: 77.64%, Test Accuracy: 77.16%
2025-04-13 14:26:15 | INFO | Epoch [58/100]
2025-04-13 14:26:15 | INFO | Loss: 0.6830, Train Accuracy: 77.76%, Test Accuracy: 77.25%
2025-04-13 14:26:22 | INFO | Epoch [59/100]
2025-04-13 14:26:22 | INFO | Loss: 0.6800, Train Accuracy: 77.85%, Test Accuracy: 77.35%
2025-04-13 14:26:28 | INFO | Epoch [60/100]
2025-04-13 14:26:28 | INFO | Loss: 0.6769, Train Accuracy: 77.95%, Test Accuracy: 77.46%
2025-04-13 14:26:35 | INFO | Epoch [61/100]
2025-04-13 14:26:35 | INFO | Loss: 0.6741, Train Accuracy: 78.06%, Test Accuracy: 77.52%
2025-04-13 14:26:43 | INFO | Epoch [62/100]
2025-04-13 14:26:43 | INFO | Loss: 0.6712, Train Accuracy: 78.16%, Test Accuracy: 77.63%
2025-04-13 14:26:50 | INFO | Epoch [63/100]
2025-04-13 14:26:50 | INFO | Loss: 0.6684, Train Accuracy: 78.25%, Test Accuracy: 77.69%
2025-04-13 14:26:57 | INFO | Epoch [64/100]
2025-04-13 14:26:57 | INFO | Loss: 0.6656, Train Accuracy: 78.35%, Test Accuracy: 77.77%
2025-04-13 14:27:04 | INFO | Epoch [65/100]
2025-04-13 14:27:04 | INFO | Loss: 0.6630, Train Accuracy: 78.42%, Test Accuracy: 77.85%
2025-04-13 14:27:10 | INFO | Epoch [66/100]
2025-04-13 14:27:10 | INFO | Loss: 0.6603, Train Accuracy: 78.51%, Test Accuracy: 77.93%
2025-04-13 14:27:18 | INFO | Epoch [67/100]
2025-04-13 14:27:18 | INFO | Loss: 0.6579, Train Accuracy: 78.60%, Test Accuracy: 77.98%
2025-04-13 14:27:25 | INFO | Epoch [68/100]
2025-04-13 14:27:25 | INFO | Loss: 0.6554, Train Accuracy: 78.68%, Test Accuracy: 78.08%
2025-04-13 14:27:32 | INFO | Epoch [69/100]
2025-04-13 14:27:32 | INFO | Loss: 0.6529, Train Accuracy: 78.76%, Test Accuracy: 78.13%
2025-04-13 14:27:40 | INFO | Epoch [70/100]
2025-04-13 14:27:40 | INFO | Loss: 0.6504, Train Accuracy: 78.84%, Test Accuracy: 78.22%
2025-04-13 14:27:47 | INFO | Epoch [71/100]
2025-04-13 14:27:47 | INFO | Loss: 0.6481, Train Accuracy: 78.89%, Test Accuracy: 78.27%
2025-04-13 14:27:53 | INFO | Epoch [72/100]
2025-04-13 14:27:53 | INFO | Loss: 0.6458, Train Accuracy: 78.98%, Test Accuracy: 78.34%
2025-04-13 14:28:01 | INFO | Epoch [73/100]
2025-04-13 14:28:01 | INFO | Loss: 0.6437, Train Accuracy: 79.02%, Test Accuracy: 78.39%
2025-04-13 14:28:08 | INFO | Epoch [74/100]
2025-04-13 14:28:08 | INFO | Loss: 0.6413, Train Accuracy: 79.10%, Test Accuracy: 78.41%
2025-04-13 14:28:15 | INFO | Epoch [75/100]
2025-04-13 14:28:15 | INFO | Loss: 0.6392, Train Accuracy: 79.19%, Test Accuracy: 78.48%
2025-04-13 14:28:22 | INFO | Epoch [76/100]
2025-04-13 14:28:22 | INFO | Loss: 0.6369, Train Accuracy: 79.23%, Test Accuracy: 78.55%
2025-04-13 14:28:30 | INFO | Epoch [77/100]
2025-04-13 14:28:30 | INFO | Loss: 0.6350, Train Accuracy: 79.30%, Test Accuracy: 78.60%
2025-04-13 14:28:36 | INFO | Epoch [78/100]
2025-04-13 14:28:36 | INFO | Loss: 0.6330, Train Accuracy: 79.38%, Test Accuracy: 78.63%
2025-04-13 14:28:43 | INFO | Epoch [79/100]
2025-04-13 14:28:43 | INFO | Loss: 0.6310, Train Accuracy: 79.42%, Test Accuracy: 78.71%
2025-04-13 14:28:51 | INFO | Epoch [80/100]
2025-04-13 14:28:51 | INFO | Loss: 0.6290, Train Accuracy: 79.49%, Test Accuracy: 78.77%
2025-04-13 14:28:58 | INFO | Epoch [81/100]
2025-04-13 14:28:58 | INFO | Loss: 0.6273, Train Accuracy: 79.54%, Test Accuracy: 78.82%
2025-04-13 14:29:06 | INFO | Epoch [82/100]
2025-04-13 14:29:06 | INFO | Loss: 0.6252, Train Accuracy: 79.61%, Test Accuracy: 78.88%
2025-04-13 14:29:13 | INFO | Epoch [83/100]
2025-04-13 14:29:13 | INFO | Loss: 0.6234, Train Accuracy: 79.66%, Test Accuracy: 78.93%
2025-04-13 14:29:20 | INFO | Epoch [84/100]
2025-04-13 14:29:20 | INFO | Loss: 0.6217, Train Accuracy: 79.72%, Test Accuracy: 78.99%
2025-04-13 14:29:27 | INFO | Epoch [85/100]
2025-04-13 14:29:27 | INFO | Loss: 0.6198, Train Accuracy: 79.75%, Test Accuracy: 79.02%
2025-04-13 14:29:35 | INFO | Epoch [86/100]
2025-04-13 14:29:35 | INFO | Loss: 0.6182, Train Accuracy: 79.83%, Test Accuracy: 79.07%
2025-04-13 14:29:42 | INFO | Epoch [87/100]
2025-04-13 14:29:42 | INFO | Loss: 0.6166, Train Accuracy: 79.87%, Test Accuracy: 79.08%
2025-04-13 14:29:49 | INFO | Epoch [88/100]
2025-04-13 14:29:49 | INFO | Loss: 0.6149, Train Accuracy: 79.90%, Test Accuracy: 79.14%
2025-04-13 14:29:56 | INFO | Epoch [89/100]
2025-04-13 14:29:56 | INFO | Loss: 0.6131, Train Accuracy: 79.97%, Test Accuracy: 79.17%
2025-04-13 14:30:03 | INFO | Epoch [90/100]
2025-04-13 14:30:03 | INFO | Loss: 0.6115, Train Accuracy: 80.01%, Test Accuracy: 79.25%
2025-04-13 14:30:10 | INFO | Epoch [91/100]
2025-04-13 14:30:10 | INFO | Loss: 0.6099, Train Accuracy: 80.07%, Test Accuracy: 79.28%
2025-04-13 14:30:18 | INFO | Epoch [92/100]
2025-04-13 14:30:18 | INFO | Loss: 0.6085, Train Accuracy: 80.10%, Test Accuracy: 79.28%
2025-04-13 14:30:25 | INFO | Epoch [93/100]
2025-04-13 14:30:25 | INFO | Loss: 0.6070, Train Accuracy: 80.16%, Test Accuracy: 79.31%
2025-04-13 14:30:32 | INFO | Epoch [94/100]
2025-04-13 14:30:32 | INFO | Loss: 0.6054, Train Accuracy: 80.20%, Test Accuracy: 79.34%
2025-04-13 14:30:39 | INFO | Epoch [95/100]
2025-04-13 14:30:39 | INFO | Loss: 0.6042, Train Accuracy: 80.24%, Test Accuracy: 79.40%
2025-04-13 14:30:46 | INFO | Epoch [96/100]
2025-04-13 14:30:46 | INFO | Loss: 0.6029, Train Accuracy: 80.26%, Test Accuracy: 79.38%
2025-04-13 14:30:54 | INFO | Epoch [97/100]
2025-04-13 14:30:54 | INFO | Loss: 0.6013, Train Accuracy: 80.32%, Test Accuracy: 79.43%
2025-04-13 14:31:01 | INFO | Epoch [98/100]
2025-04-13 14:31:01 | INFO | Loss: 0.6000, Train Accuracy: 80.34%, Test Accuracy: 79.47%
2025-04-13 14:31:09 | INFO | Epoch [99/100]
2025-04-13 14:31:09 | INFO | Loss: 0.5986, Train Accuracy: 80.41%, Test Accuracy: 79.45%
2025-04-13 14:31:16 | INFO | Epoch [100/100]
2025-04-13 14:31:16 | INFO | Loss: 0.5973, Train Accuracy: 80.44%, Test Accuracy: 79.50%
2025-04-13 14:31:16 | INFO | Save Classify Model To: ./stage-2/classify_models/classify_model.pth
