2025-04-13 13:39:55 | INFO | TRAINING_EPOCH: 100
2025-04-13 13:39:55 | INFO | LEARNING_RATE: 0.001
2025-04-13 13:39:55 | INFO | NN_HIDDEN_DIM_1: 150
2025-04-13 13:39:55 | INFO | NN_HIDDEN_DIM_2: 150
2025-04-13 13:39:55 | INFO | NN_HIDDEN_DIM_3: 150
2025-04-13 13:39:55 | INFO | BATCH_SIZE: 100000
2025-04-13 13:39:55 | INFO | Using device: cuda
2025-04-13 13:39:56 | INFO | ============== Start Classifying ==============
2025-04-13 13:39:56 | INFO | Loading tokenized_baseball.csv
2025-04-13 13:39:56 | INFO | Loading tokenized_Boy-Girl.csv
2025-04-13 13:39:57 | INFO | Loading tokenized_c_chat.csv
2025-04-13 13:39:57 | INFO | Loading tokenized_hatepolitics.csv
2025-04-13 13:39:57 | INFO | Loading tokenized_Lifeismoney.csv
2025-04-13 13:39:57 | INFO | Loading tokenized_Military.csv
2025-04-13 13:39:57 | INFO | Loading tokenized_pc_shopping.csv
2025-04-13 13:39:57 | INFO | Loading tokenized_stock.csv
2025-04-13 13:39:58 | INFO | Loading tokenized_Tech_Job.csv
2025-04-13 13:39:58 | INFO | Label Mapping: {'Boy-Girl': 0, 'Lifeismoney': 1, 'Military': 2, 'Tech_Job': 3, 'baseball': 4, 'c_chat': 5, 'hatepolitics': 6, 'pc_shopping': 7, 'stock': 8}
2025-04-13 13:39:58 | INFO | Loading Embedded data
2025-04-13 13:39:58 | INFO | Loading Embedded Data
2025-04-13 13:40:08 | INFO | Embedded data Loaded
2025-04-13 13:40:08 | INFO | Embedded data Loaded
2025-04-13 13:40:18 | INFO | Epoch [1/100]
2025-04-13 13:40:18 | INFO | Loss: 2.1654, Train Accuracy: 18.79%, Test Accuracy: 22.56%
2025-04-13 13:40:26 | INFO | Epoch [2/100]
2025-04-13 13:40:26 | INFO | Loss: 2.0664, Train Accuracy: 22.72%, Test Accuracy: 27.14%
2025-04-13 13:40:33 | INFO | Epoch [3/100]
2025-04-13 13:40:33 | INFO | Loss: 2.0130, Train Accuracy: 30.80%, Test Accuracy: 32.79%
2025-04-13 13:40:40 | INFO | Epoch [4/100]
2025-04-13 13:40:40 | INFO | Loss: 1.9369, Train Accuracy: 33.08%, Test Accuracy: 33.75%
2025-04-13 13:40:48 | INFO | Epoch [5/100]
2025-04-13 13:40:48 | INFO | Loss: 1.8260, Train Accuracy: 34.56%, Test Accuracy: 37.08%
2025-04-13 13:40:56 | INFO | Epoch [6/100]
2025-04-13 13:40:56 | INFO | Loss: 1.6946, Train Accuracy: 39.53%, Test Accuracy: 42.83%
2025-04-13 13:41:03 | INFO | Epoch [7/100]
2025-04-13 13:41:03 | INFO | Loss: 1.5482, Train Accuracy: 45.35%, Test Accuracy: 48.27%
2025-04-13 13:41:10 | INFO | Epoch [8/100]
2025-04-13 13:41:10 | INFO | Loss: 1.4111, Train Accuracy: 50.13%, Test Accuracy: 52.36%
2025-04-13 13:41:18 | INFO | Epoch [9/100]
2025-04-13 13:41:18 | INFO | Loss: 1.3039, Train Accuracy: 54.29%, Test Accuracy: 56.53%
2025-04-13 13:41:25 | INFO | Epoch [10/100]
2025-04-13 13:41:25 | INFO | Loss: 1.2103, Train Accuracy: 58.38%, Test Accuracy: 60.39%
2025-04-13 13:41:33 | INFO | Epoch [11/100]
2025-04-13 13:41:33 | INFO | Loss: 1.1308, Train Accuracy: 61.43%, Test Accuracy: 62.86%
2025-04-13 13:41:40 | INFO | Epoch [12/100]
2025-04-13 13:41:40 | INFO | Loss: 1.0685, Train Accuracy: 63.68%, Test Accuracy: 64.83%
2025-04-13 13:41:47 | INFO | Epoch [13/100]
2025-04-13 13:41:47 | INFO | Loss: 1.0235, Train Accuracy: 65.32%, Test Accuracy: 66.04%
2025-04-13 13:41:55 | INFO | Epoch [14/100]
2025-04-13 13:41:55 | INFO | Loss: 0.9936, Train Accuracy: 66.39%, Test Accuracy: 66.95%
2025-04-13 13:42:02 | INFO | Epoch [15/100]
2025-04-13 13:42:02 | INFO | Loss: 0.9722, Train Accuracy: 67.25%, Test Accuracy: 67.66%
2025-04-13 13:42:10 | INFO | Epoch [16/100]
2025-04-13 13:42:10 | INFO | Loss: 0.9553, Train Accuracy: 67.90%, Test Accuracy: 68.15%
2025-04-13 13:42:17 | INFO | Epoch [17/100]
2025-04-13 13:42:17 | INFO | Loss: 0.9409, Train Accuracy: 68.44%, Test Accuracy: 68.66%
2025-04-13 13:42:24 | INFO | Epoch [18/100]
2025-04-13 13:42:24 | INFO | Loss: 0.9268, Train Accuracy: 68.96%, Test Accuracy: 69.10%
2025-04-13 13:42:31 | INFO | Epoch [19/100]
2025-04-13 13:42:31 | INFO | Loss: 0.9140, Train Accuracy: 69.44%, Test Accuracy: 69.56%
2025-04-13 13:42:39 | INFO | Epoch [20/100]
2025-04-13 13:42:39 | INFO | Loss: 0.9012, Train Accuracy: 69.94%, Test Accuracy: 70.01%
2025-04-13 13:42:46 | INFO | Epoch [21/100]
2025-04-13 13:42:46 | INFO | Loss: 0.8889, Train Accuracy: 70.41%, Test Accuracy: 70.46%
2025-04-13 13:42:54 | INFO | Epoch [22/100]
2025-04-13 13:42:54 | INFO | Loss: 0.8771, Train Accuracy: 70.85%, Test Accuracy: 70.86%
2025-04-13 13:43:01 | INFO | Epoch [23/100]
2025-04-13 13:43:01 | INFO | Loss: 0.8659, Train Accuracy: 71.26%, Test Accuracy: 71.27%
2025-04-13 13:43:08 | INFO | Epoch [24/100]
2025-04-13 13:43:08 | INFO | Loss: 0.8544, Train Accuracy: 71.75%, Test Accuracy: 71.70%
2025-04-13 13:43:15 | INFO | Epoch [25/100]
2025-04-13 13:43:15 | INFO | Loss: 0.8436, Train Accuracy: 72.15%, Test Accuracy: 72.12%
2025-04-13 13:43:23 | INFO | Epoch [26/100]
2025-04-13 13:43:23 | INFO | Loss: 0.8334, Train Accuracy: 72.53%, Test Accuracy: 72.46%
2025-04-13 13:43:30 | INFO | Epoch [27/100]
2025-04-13 13:43:30 | INFO | Loss: 0.8236, Train Accuracy: 72.91%, Test Accuracy: 72.79%
2025-04-13 13:43:38 | INFO | Epoch [28/100]
2025-04-13 13:43:38 | INFO | Loss: 0.8142, Train Accuracy: 73.25%, Test Accuracy: 73.11%
2025-04-13 13:43:45 | INFO | Epoch [29/100]
2025-04-13 13:43:45 | INFO | Loss: 0.8056, Train Accuracy: 73.56%, Test Accuracy: 73.36%
2025-04-13 13:43:52 | INFO | Epoch [30/100]
2025-04-13 13:43:52 | INFO | Loss: 0.7977, Train Accuracy: 73.86%, Test Accuracy: 73.51%
2025-04-13 13:43:59 | INFO | Epoch [31/100]
2025-04-13 13:43:59 | INFO | Loss: 0.7901, Train Accuracy: 74.08%, Test Accuracy: 73.88%
2025-04-13 13:44:07 | INFO | Epoch [32/100]
2025-04-13 13:44:07 | INFO | Loss: 0.7824, Train Accuracy: 74.37%, Test Accuracy: 74.17%
2025-04-13 13:44:14 | INFO | Epoch [33/100]
2025-04-13 13:44:14 | INFO | Loss: 0.7754, Train Accuracy: 74.62%, Test Accuracy: 74.39%
2025-04-13 13:44:21 | INFO | Epoch [34/100]
2025-04-13 13:44:21 | INFO | Loss: 0.7684, Train Accuracy: 74.85%, Test Accuracy: 74.55%
2025-04-13 13:44:29 | INFO | Epoch [35/100]
2025-04-13 13:44:29 | INFO | Loss: 0.7623, Train Accuracy: 75.05%, Test Accuracy: 74.78%
2025-04-13 13:44:35 | INFO | Epoch [36/100]
2025-04-13 13:44:35 | INFO | Loss: 0.7558, Train Accuracy: 75.27%, Test Accuracy: 74.95%
2025-04-13 13:44:43 | INFO | Epoch [37/100]
2025-04-13 13:44:43 | INFO | Loss: 0.7497, Train Accuracy: 75.47%, Test Accuracy: 75.20%
2025-04-13 13:44:50 | INFO | Epoch [38/100]
2025-04-13 13:44:50 | INFO | Loss: 0.7439, Train Accuracy: 75.66%, Test Accuracy: 75.30%
2025-04-13 13:44:57 | INFO | Epoch [39/100]
2025-04-13 13:44:57 | INFO | Loss: 0.7383, Train Accuracy: 75.83%, Test Accuracy: 75.54%
2025-04-13 13:45:05 | INFO | Epoch [40/100]
2025-04-13 13:45:05 | INFO | Loss: 0.7327, Train Accuracy: 76.00%, Test Accuracy: 75.66%
2025-04-13 13:45:12 | INFO | Epoch [41/100]
2025-04-13 13:45:12 | INFO | Loss: 0.7277, Train Accuracy: 76.17%, Test Accuracy: 75.76%
2025-04-13 13:45:19 | INFO | Epoch [42/100]
2025-04-13 13:45:19 | INFO | Loss: 0.7224, Train Accuracy: 76.32%, Test Accuracy: 75.98%
2025-04-13 13:45:26 | INFO | Epoch [43/100]
2025-04-13 13:45:26 | INFO | Loss: 0.7174, Train Accuracy: 76.46%, Test Accuracy: 76.11%
2025-04-13 13:45:34 | INFO | Epoch [44/100]
2025-04-13 13:45:34 | INFO | Loss: 0.7126, Train Accuracy: 76.64%, Test Accuracy: 76.27%
2025-04-13 13:45:41 | INFO | Epoch [45/100]
2025-04-13 13:45:41 | INFO | Loss: 0.7079, Train Accuracy: 76.76%, Test Accuracy: 76.42%
2025-04-13 13:45:48 | INFO | Epoch [46/100]
2025-04-13 13:45:48 | INFO | Loss: 0.7033, Train Accuracy: 76.93%, Test Accuracy: 76.52%
2025-04-13 13:45:56 | INFO | Epoch [47/100]
2025-04-13 13:45:56 | INFO | Loss: 0.6989, Train Accuracy: 77.10%, Test Accuracy: 76.68%
2025-04-13 13:46:03 | INFO | Epoch [48/100]
2025-04-13 13:46:03 | INFO | Loss: 0.6946, Train Accuracy: 77.24%, Test Accuracy: 76.83%
2025-04-13 13:46:11 | INFO | Epoch [49/100]
2025-04-13 13:46:11 | INFO | Loss: 0.6906, Train Accuracy: 77.38%, Test Accuracy: 76.94%
2025-04-13 13:46:19 | INFO | Epoch [50/100]
2025-04-13 13:46:19 | INFO | Loss: 0.6868, Train Accuracy: 77.52%, Test Accuracy: 77.04%
2025-04-13 13:46:26 | INFO | Epoch [51/100]
2025-04-13 13:46:26 | INFO | Loss: 0.6829, Train Accuracy: 77.62%, Test Accuracy: 77.19%
2025-04-13 13:46:33 | INFO | Epoch [52/100]
2025-04-13 13:46:33 | INFO | Loss: 0.6792, Train Accuracy: 77.75%, Test Accuracy: 77.25%
2025-04-13 13:46:41 | INFO | Epoch [53/100]
2025-04-13 13:46:41 | INFO | Loss: 0.6759, Train Accuracy: 77.85%, Test Accuracy: 77.38%
2025-04-13 13:46:47 | INFO | Epoch [54/100]
2025-04-13 13:46:47 | INFO | Loss: 0.6729, Train Accuracy: 77.94%, Test Accuracy: 77.43%
2025-04-13 13:46:54 | INFO | Epoch [55/100]
2025-04-13 13:46:54 | INFO | Loss: 0.6702, Train Accuracy: 78.02%, Test Accuracy: 77.50%
2025-04-13 13:47:02 | INFO | Epoch [56/100]
2025-04-13 13:47:02 | INFO | Loss: 0.6665, Train Accuracy: 78.12%, Test Accuracy: 77.62%
2025-04-13 13:47:09 | INFO | Epoch [57/100]
2025-04-13 13:47:09 | INFO | Loss: 0.6632, Train Accuracy: 78.24%, Test Accuracy: 77.69%
2025-04-13 13:47:17 | INFO | Epoch [58/100]
2025-04-13 13:47:17 | INFO | Loss: 0.6604, Train Accuracy: 78.33%, Test Accuracy: 77.79%
2025-04-13 13:47:24 | INFO | Epoch [59/100]
2025-04-13 13:47:24 | INFO | Loss: 0.6576, Train Accuracy: 78.42%, Test Accuracy: 77.87%
2025-04-13 13:47:31 | INFO | Epoch [60/100]
2025-04-13 13:47:31 | INFO | Loss: 0.6549, Train Accuracy: 78.51%, Test Accuracy: 77.93%
2025-04-13 13:47:38 | INFO | Epoch [61/100]
2025-04-13 13:47:38 | INFO | Loss: 0.6525, Train Accuracy: 78.58%, Test Accuracy: 77.96%
2025-04-13 13:47:46 | INFO | Epoch [62/100]
2025-04-13 13:47:46 | INFO | Loss: 0.6498, Train Accuracy: 78.65%, Test Accuracy: 78.06%
2025-04-13 13:47:53 | INFO | Epoch [63/100]
2025-04-13 13:47:53 | INFO | Loss: 0.6472, Train Accuracy: 78.74%, Test Accuracy: 78.13%
2025-04-13 13:48:00 | INFO | Epoch [64/100]
2025-04-13 13:48:00 | INFO | Loss: 0.6447, Train Accuracy: 78.81%, Test Accuracy: 78.21%
2025-04-13 13:48:07 | INFO | Epoch [65/100]
2025-04-13 13:48:07 | INFO | Loss: 0.6425, Train Accuracy: 78.90%, Test Accuracy: 78.25%
2025-04-13 13:48:14 | INFO | Epoch [66/100]
2025-04-13 13:48:14 | INFO | Loss: 0.6404, Train Accuracy: 78.93%, Test Accuracy: 78.36%
2025-04-13 13:48:21 | INFO | Epoch [67/100]
2025-04-13 13:48:21 | INFO | Loss: 0.6383, Train Accuracy: 79.00%, Test Accuracy: 78.40%
2025-04-13 13:48:29 | INFO | Epoch [68/100]
2025-04-13 13:48:29 | INFO | Loss: 0.6359, Train Accuracy: 79.09%, Test Accuracy: 78.42%
2025-04-13 13:48:36 | INFO | Epoch [69/100]
2025-04-13 13:48:36 | INFO | Loss: 0.6339, Train Accuracy: 79.14%, Test Accuracy: 78.56%
2025-04-13 13:48:44 | INFO | Epoch [70/100]
2025-04-13 13:48:44 | INFO | Loss: 0.6318, Train Accuracy: 79.22%, Test Accuracy: 78.57%
2025-04-13 13:48:51 | INFO | Epoch [71/100]
2025-04-13 13:48:51 | INFO | Loss: 0.6302, Train Accuracy: 79.26%, Test Accuracy: 78.55%
2025-04-13 13:48:58 | INFO | Epoch [72/100]
2025-04-13 13:48:58 | INFO | Loss: 0.6290, Train Accuracy: 79.28%, Test Accuracy: 78.63%
2025-04-13 13:49:06 | INFO | Epoch [73/100]
2025-04-13 13:49:06 | INFO | Loss: 0.6269, Train Accuracy: 79.36%, Test Accuracy: 78.74%
2025-04-13 13:49:13 | INFO | Epoch [74/100]
2025-04-13 13:49:13 | INFO | Loss: 0.6250, Train Accuracy: 79.42%, Test Accuracy: 78.66%
2025-04-13 13:49:21 | INFO | Epoch [75/100]
2025-04-13 13:49:21 | INFO | Loss: 0.6237, Train Accuracy: 79.45%, Test Accuracy: 78.82%
2025-04-13 13:49:28 | INFO | Epoch [76/100]
2025-04-13 13:49:28 | INFO | Loss: 0.6220, Train Accuracy: 79.50%, Test Accuracy: 78.82%
2025-04-13 13:49:35 | INFO | Epoch [77/100]
2025-04-13 13:49:35 | INFO | Loss: 0.6199, Train Accuracy: 79.57%, Test Accuracy: 78.92%
2025-04-13 13:49:42 | INFO | Epoch [78/100]
2025-04-13 13:49:42 | INFO | Loss: 0.6183, Train Accuracy: 79.62%, Test Accuracy: 78.93%
2025-04-13 13:49:49 | INFO | Epoch [79/100]
2025-04-13 13:49:49 | INFO | Loss: 0.6164, Train Accuracy: 79.67%, Test Accuracy: 78.92%
2025-04-13 13:49:57 | INFO | Epoch [80/100]
2025-04-13 13:49:57 | INFO | Loss: 0.6155, Train Accuracy: 79.72%, Test Accuracy: 79.03%
2025-04-13 13:50:05 | INFO | Epoch [81/100]
2025-04-13 13:50:05 | INFO | Loss: 0.6136, Train Accuracy: 79.80%, Test Accuracy: 79.07%
2025-04-13 13:50:12 | INFO | Epoch [82/100]
2025-04-13 13:50:12 | INFO | Loss: 0.6121, Train Accuracy: 79.82%, Test Accuracy: 79.09%
2025-04-13 13:50:19 | INFO | Epoch [83/100]
2025-04-13 13:50:19 | INFO | Loss: 0.6110, Train Accuracy: 79.85%, Test Accuracy: 79.17%
2025-04-13 13:50:26 | INFO | Epoch [84/100]
2025-04-13 13:50:26 | INFO | Loss: 0.6098, Train Accuracy: 79.90%, Test Accuracy: 79.15%
2025-04-13 13:50:33 | INFO | Epoch [85/100]
2025-04-13 13:50:33 | INFO | Loss: 0.6085, Train Accuracy: 79.94%, Test Accuracy: 79.18%
2025-04-13 13:50:41 | INFO | Epoch [86/100]
2025-04-13 13:50:41 | INFO | Loss: 0.6071, Train Accuracy: 79.99%, Test Accuracy: 79.22%
2025-04-13 13:50:48 | INFO | Epoch [87/100]
2025-04-13 13:50:48 | INFO | Loss: 0.6056, Train Accuracy: 80.04%, Test Accuracy: 79.31%
2025-04-13 13:50:55 | INFO | Epoch [88/100]
2025-04-13 13:50:55 | INFO | Loss: 0.6043, Train Accuracy: 80.09%, Test Accuracy: 79.29%
2025-04-13 13:51:02 | INFO | Epoch [89/100]
2025-04-13 13:51:02 | INFO | Loss: 0.6031, Train Accuracy: 80.12%, Test Accuracy: 79.34%
2025-04-13 13:51:09 | INFO | Epoch [90/100]
2025-04-13 13:51:09 | INFO | Loss: 0.6017, Train Accuracy: 80.16%, Test Accuracy: 79.36%
2025-04-13 13:51:16 | INFO | Epoch [91/100]
2025-04-13 13:51:16 | INFO | Loss: 0.6007, Train Accuracy: 80.22%, Test Accuracy: 79.37%
2025-04-13 13:51:23 | INFO | Epoch [92/100]
2025-04-13 13:51:23 | INFO | Loss: 0.5996, Train Accuracy: 80.22%, Test Accuracy: 79.45%
2025-04-13 13:51:30 | INFO | Epoch [93/100]
2025-04-13 13:51:30 | INFO | Loss: 0.5986, Train Accuracy: 80.30%, Test Accuracy: 79.43%
2025-04-13 13:51:37 | INFO | Epoch [94/100]
2025-04-13 13:51:37 | INFO | Loss: 0.5977, Train Accuracy: 80.29%, Test Accuracy: 79.53%
2025-04-13 13:51:44 | INFO | Epoch [95/100]
2025-04-13 13:51:44 | INFO | Loss: 0.5963, Train Accuracy: 80.33%, Test Accuracy: 79.59%
2025-04-13 13:51:51 | INFO | Epoch [96/100]
2025-04-13 13:51:51 | INFO | Loss: 0.5953, Train Accuracy: 80.37%, Test Accuracy: 79.54%
2025-04-13 13:51:58 | INFO | Epoch [97/100]
2025-04-13 13:51:58 | INFO | Loss: 0.5943, Train Accuracy: 80.41%, Test Accuracy: 79.60%
2025-04-13 13:52:05 | INFO | Epoch [98/100]
2025-04-13 13:52:05 | INFO | Loss: 0.5931, Train Accuracy: 80.45%, Test Accuracy: 79.62%
2025-04-13 13:52:12 | INFO | Epoch [99/100]
2025-04-13 13:52:12 | INFO | Loss: 0.5920, Train Accuracy: 80.49%, Test Accuracy: 79.67%
2025-04-13 13:52:20 | INFO | Epoch [100/100]
2025-04-13 13:52:20 | INFO | Loss: 0.5911, Train Accuracy: 80.52%, Test Accuracy: 79.70%
2025-04-13 13:52:20 | INFO | Save Classify Model To: ./stage-2/classify_models/classify_model.pth
