2025-04-13 14:45:29 | INFO | TRAINING_EPOCH: 200
2025-04-13 14:45:29 | INFO | LEARNING_RATE: 0.001
2025-04-13 14:45:29 | INFO | NN_HIDDEN_DIM_1: 200
2025-04-13 14:45:29 | INFO | NN_HIDDEN_DIM_2: 200
2025-04-13 14:45:29 | INFO | NN_HIDDEN_DIM_3: 200
2025-04-13 14:45:29 | INFO | BATCH_SIZE: 100000
2025-04-13 14:45:29 | INFO | Using device: cuda
2025-04-13 14:45:30 | INFO | ============== Start Classifying ==============
2025-04-13 14:45:30 | INFO | Loading tokenized_baseball.csv
2025-04-13 14:45:30 | INFO | Loading tokenized_Boy-Girl.csv
2025-04-13 14:45:30 | INFO | Loading tokenized_c_chat.csv
2025-04-13 14:45:30 | INFO | Loading tokenized_hatepolitics.csv
2025-04-13 14:45:31 | INFO | Loading tokenized_Lifeismoney.csv
2025-04-13 14:45:31 | INFO | Loading tokenized_Military.csv
2025-04-13 14:45:31 | INFO | Loading tokenized_pc_shopping.csv
2025-04-13 14:45:31 | INFO | Loading tokenized_stock.csv
2025-04-13 14:45:31 | INFO | Loading tokenized_Tech_Job.csv
2025-04-13 14:45:31 | INFO | Label Mapping: {'Boy-Girl': 0, 'Lifeismoney': 1, 'Military': 2, 'Tech_Job': 3, 'baseball': 4, 'c_chat': 5, 'hatepolitics': 6, 'pc_shopping': 7, 'stock': 8}
2025-04-13 14:45:31 | INFO | Loading Embedded Data
2025-04-13 14:45:41 | INFO | Embedded data Loaded
2025-04-13 14:45:50 | INFO | Epoch [1/200]
2025-04-13 14:45:50 | INFO | Loss: 2.1437, Train Accuracy: 21.85%, Test Accuracy: 22.13%
2025-04-13 14:45:57 | INFO | Epoch [2/200]
2025-04-13 14:45:57 | INFO | Loss: 2.0560, Train Accuracy: 23.92%, Test Accuracy: 27.62%
2025-04-13 14:46:05 | INFO | Epoch [3/200]
2025-04-13 14:46:05 | INFO | Loss: 2.0046, Train Accuracy: 28.28%, Test Accuracy: 32.91%
2025-04-13 14:46:12 | INFO | Epoch [4/200]
2025-04-13 14:46:12 | INFO | Loss: 1.8862, Train Accuracy: 34.13%, Test Accuracy: 37.15%
2025-04-13 14:46:20 | INFO | Epoch [5/200]
2025-04-13 14:46:20 | INFO | Loss: 1.7181, Train Accuracy: 39.34%, Test Accuracy: 42.73%
2025-04-13 14:46:27 | INFO | Epoch [6/200]
2025-04-13 14:46:27 | INFO | Loss: 1.5475, Train Accuracy: 45.30%, Test Accuracy: 48.96%
2025-04-13 14:46:34 | INFO | Epoch [7/200]
2025-04-13 14:46:34 | INFO | Loss: 1.3897, Train Accuracy: 50.83%, Test Accuracy: 54.09%
2025-04-13 14:46:41 | INFO | Epoch [8/200]
2025-04-13 14:46:41 | INFO | Loss: 1.2665, Train Accuracy: 55.95%, Test Accuracy: 58.23%
2025-04-13 14:46:48 | INFO | Epoch [9/200]
2025-04-13 14:46:48 | INFO | Loss: 1.1724, Train Accuracy: 59.60%, Test Accuracy: 60.98%
2025-04-13 14:46:56 | INFO | Epoch [10/200]
2025-04-13 14:46:56 | INFO | Loss: 1.1050, Train Accuracy: 62.15%, Test Accuracy: 63.48%
2025-04-13 14:47:03 | INFO | Epoch [11/200]
2025-04-13 14:47:03 | INFO | Loss: 1.0459, Train Accuracy: 64.48%, Test Accuracy: 65.37%
2025-04-13 14:47:10 | INFO | Epoch [12/200]
2025-04-13 14:47:10 | INFO | Loss: 1.0039, Train Accuracy: 66.15%, Test Accuracy: 66.76%
2025-04-13 14:47:17 | INFO | Epoch [13/200]
2025-04-13 14:47:17 | INFO | Loss: 0.9716, Train Accuracy: 67.42%, Test Accuracy: 67.78%
2025-04-13 14:47:25 | INFO | Epoch [14/200]
2025-04-13 14:47:25 | INFO | Loss: 0.9456, Train Accuracy: 68.38%, Test Accuracy: 68.65%
2025-04-13 14:47:32 | INFO | Epoch [15/200]
2025-04-13 14:47:32 | INFO | Loss: 0.9236, Train Accuracy: 69.23%, Test Accuracy: 69.43%
2025-04-13 14:47:39 | INFO | Epoch [16/200]
2025-04-13 14:47:39 | INFO | Loss: 0.9044, Train Accuracy: 69.91%, Test Accuracy: 70.12%
2025-04-13 14:47:46 | INFO | Epoch [17/200]
2025-04-13 14:47:46 | INFO | Loss: 0.8868, Train Accuracy: 70.56%, Test Accuracy: 70.72%
2025-04-13 14:47:53 | INFO | Epoch [18/200]
2025-04-13 14:47:53 | INFO | Loss: 0.8709, Train Accuracy: 71.11%, Test Accuracy: 71.23%
2025-04-13 14:48:00 | INFO | Epoch [19/200]
2025-04-13 14:48:00 | INFO | Loss: 0.8554, Train Accuracy: 71.68%, Test Accuracy: 71.70%
2025-04-13 14:48:08 | INFO | Epoch [20/200]
2025-04-13 14:48:08 | INFO | Loss: 0.8416, Train Accuracy: 72.13%, Test Accuracy: 72.19%
2025-04-13 14:48:15 | INFO | Epoch [21/200]
2025-04-13 14:48:15 | INFO | Loss: 0.8287, Train Accuracy: 72.61%, Test Accuracy: 72.63%
2025-04-13 14:48:22 | INFO | Epoch [22/200]
2025-04-13 14:48:22 | INFO | Loss: 0.8167, Train Accuracy: 73.02%, Test Accuracy: 73.04%
2025-04-13 14:48:29 | INFO | Epoch [23/200]
2025-04-13 14:48:29 | INFO | Loss: 0.8050, Train Accuracy: 73.44%, Test Accuracy: 73.46%
2025-04-13 14:48:36 | INFO | Epoch [24/200]
2025-04-13 14:48:36 | INFO | Loss: 0.7942, Train Accuracy: 73.82%, Test Accuracy: 73.79%
2025-04-13 14:48:43 | INFO | Epoch [25/200]
2025-04-13 14:48:43 | INFO | Loss: 0.7839, Train Accuracy: 74.17%, Test Accuracy: 74.09%
2025-04-13 14:48:51 | INFO | Epoch [26/200]
2025-04-13 14:48:51 | INFO | Loss: 0.7749, Train Accuracy: 74.49%, Test Accuracy: 74.42%
2025-04-13 14:48:59 | INFO | Epoch [27/200]
2025-04-13 14:48:59 | INFO | Loss: 0.7659, Train Accuracy: 74.83%, Test Accuracy: 74.69%
2025-04-13 14:49:06 | INFO | Epoch [28/200]
2025-04-13 14:49:06 | INFO | Loss: 0.7578, Train Accuracy: 75.06%, Test Accuracy: 74.88%
2025-04-13 14:49:13 | INFO | Epoch [29/200]
2025-04-13 14:49:13 | INFO | Loss: 0.7498, Train Accuracy: 75.32%, Test Accuracy: 75.14%
2025-04-13 14:49:20 | INFO | Epoch [30/200]
2025-04-13 14:49:20 | INFO | Loss: 0.7416, Train Accuracy: 75.59%, Test Accuracy: 75.37%
2025-04-13 14:49:27 | INFO | Epoch [31/200]
2025-04-13 14:49:27 | INFO | Loss: 0.7340, Train Accuracy: 75.84%, Test Accuracy: 75.62%
2025-04-13 14:49:34 | INFO | Epoch [32/200]
2025-04-13 14:49:34 | INFO | Loss: 0.7278, Train Accuracy: 76.05%, Test Accuracy: 75.73%
2025-04-13 14:49:42 | INFO | Epoch [33/200]
2025-04-13 14:49:42 | INFO | Loss: 0.7217, Train Accuracy: 76.22%, Test Accuracy: 75.87%
2025-04-13 14:49:49 | INFO | Epoch [34/200]
2025-04-13 14:49:49 | INFO | Loss: 0.7163, Train Accuracy: 76.37%, Test Accuracy: 76.03%
2025-04-13 14:49:56 | INFO | Epoch [35/200]
2025-04-13 14:49:56 | INFO | Loss: 0.7108, Train Accuracy: 76.56%, Test Accuracy: 76.25%
2025-04-13 14:50:03 | INFO | Epoch [36/200]
2025-04-13 14:50:03 | INFO | Loss: 0.7055, Train Accuracy: 76.73%, Test Accuracy: 76.53%
2025-04-13 14:50:10 | INFO | Epoch [37/200]
2025-04-13 14:50:10 | INFO | Loss: 0.6983, Train Accuracy: 76.98%, Test Accuracy: 76.60%
2025-04-13 14:50:18 | INFO | Epoch [38/200]
2025-04-13 14:50:18 | INFO | Loss: 0.6925, Train Accuracy: 77.20%, Test Accuracy: 76.79%
2025-04-13 14:50:25 | INFO | Epoch [39/200]
2025-04-13 14:50:25 | INFO | Loss: 0.6868, Train Accuracy: 77.40%, Test Accuracy: 77.06%
2025-04-13 14:50:32 | INFO | Epoch [40/200]
2025-04-13 14:50:32 | INFO | Loss: 0.6818, Train Accuracy: 77.57%, Test Accuracy: 77.26%
2025-04-13 14:50:40 | INFO | Epoch [41/200]
2025-04-13 14:50:40 | INFO | Loss: 0.6770, Train Accuracy: 77.71%, Test Accuracy: 77.37%
2025-04-13 14:50:46 | INFO | Epoch [42/200]
2025-04-13 14:50:46 | INFO | Loss: 0.6727, Train Accuracy: 77.87%, Test Accuracy: 77.53%
2025-04-13 14:50:53 | INFO | Epoch [43/200]
2025-04-13 14:50:53 | INFO | Loss: 0.6678, Train Accuracy: 78.02%, Test Accuracy: 77.62%
2025-04-13 14:51:01 | INFO | Epoch [44/200]
2025-04-13 14:51:01 | INFO | Loss: 0.6634, Train Accuracy: 78.19%, Test Accuracy: 77.80%
2025-04-13 14:51:09 | INFO | Epoch [45/200]
2025-04-13 14:51:09 | INFO | Loss: 0.6593, Train Accuracy: 78.30%, Test Accuracy: 77.90%
2025-04-13 14:51:16 | INFO | Epoch [46/200]
2025-04-13 14:51:16 | INFO | Loss: 0.6559, Train Accuracy: 78.40%, Test Accuracy: 78.06%
2025-04-13 14:51:24 | INFO | Epoch [47/200]
2025-04-13 14:51:24 | INFO | Loss: 0.6507, Train Accuracy: 78.58%, Test Accuracy: 78.16%
2025-04-13 14:51:30 | INFO | Epoch [48/200]
2025-04-13 14:51:30 | INFO | Loss: 0.6467, Train Accuracy: 78.71%, Test Accuracy: 78.26%
2025-04-13 14:51:38 | INFO | Epoch [49/200]
2025-04-13 14:51:38 | INFO | Loss: 0.6432, Train Accuracy: 78.79%, Test Accuracy: 78.29%
2025-04-13 14:51:45 | INFO | Epoch [50/200]
2025-04-13 14:51:45 | INFO | Loss: 0.6406, Train Accuracy: 78.87%, Test Accuracy: 78.50%
2025-04-13 14:51:52 | INFO | Epoch [51/200]
2025-04-13 14:51:52 | INFO | Loss: 0.6354, Train Accuracy: 79.07%, Test Accuracy: 78.58%
2025-04-13 14:52:00 | INFO | Epoch [52/200]
2025-04-13 14:52:00 | INFO | Loss: 0.6322, Train Accuracy: 79.16%, Test Accuracy: 78.69%
2025-04-13 14:52:07 | INFO | Epoch [53/200]
2025-04-13 14:52:07 | INFO | Loss: 0.6297, Train Accuracy: 79.25%, Test Accuracy: 78.76%
2025-04-13 14:52:14 | INFO | Epoch [54/200]
2025-04-13 14:52:14 | INFO | Loss: 0.6257, Train Accuracy: 79.37%, Test Accuracy: 78.80%
2025-04-13 14:52:21 | INFO | Epoch [55/200]
2025-04-13 14:52:21 | INFO | Loss: 0.6227, Train Accuracy: 79.45%, Test Accuracy: 78.92%
2025-04-13 14:52:29 | INFO | Epoch [56/200]
2025-04-13 14:52:29 | INFO | Loss: 0.6210, Train Accuracy: 79.48%, Test Accuracy: 78.95%
2025-04-13 14:52:36 | INFO | Epoch [57/200]
2025-04-13 14:52:36 | INFO | Loss: 0.6174, Train Accuracy: 79.62%, Test Accuracy: 79.11%
2025-04-13 14:52:44 | INFO | Epoch [58/200]
2025-04-13 14:52:44 | INFO | Loss: 0.6149, Train Accuracy: 79.69%, Test Accuracy: 78.95%
2025-04-13 14:52:51 | INFO | Epoch [59/200]
2025-04-13 14:52:51 | INFO | Loss: 0.6132, Train Accuracy: 79.76%, Test Accuracy: 79.24%
2025-04-13 14:52:57 | INFO | Epoch [60/200]
2025-04-13 14:52:57 | INFO | Loss: 0.6097, Train Accuracy: 79.86%, Test Accuracy: 79.29%
2025-04-13 14:53:05 | INFO | Epoch [61/200]
2025-04-13 14:53:05 | INFO | Loss: 0.6067, Train Accuracy: 79.95%, Test Accuracy: 79.39%
2025-04-13 14:53:12 | INFO | Epoch [62/200]
2025-04-13 14:53:12 | INFO | Loss: 0.6044, Train Accuracy: 80.03%, Test Accuracy: 79.38%
2025-04-13 14:53:20 | INFO | Epoch [63/200]
2025-04-13 14:53:20 | INFO | Loss: 0.6027, Train Accuracy: 80.08%, Test Accuracy: 79.48%
2025-04-13 14:53:27 | INFO | Epoch [64/200]
2025-04-13 14:53:27 | INFO | Loss: 0.5994, Train Accuracy: 80.20%, Test Accuracy: 79.55%
2025-04-13 14:53:34 | INFO | Epoch [65/200]
2025-04-13 14:53:34 | INFO | Loss: 0.5968, Train Accuracy: 80.28%, Test Accuracy: 79.63%
2025-04-13 14:53:41 | INFO | Epoch [66/200]
2025-04-13 14:53:41 | INFO | Loss: 0.5954, Train Accuracy: 80.31%, Test Accuracy: 79.69%
2025-04-13 14:53:48 | INFO | Epoch [67/200]
2025-04-13 14:53:48 | INFO | Loss: 0.5926, Train Accuracy: 80.41%, Test Accuracy: 79.67%
2025-04-13 14:53:55 | INFO | Epoch [68/200]
2025-04-13 14:53:55 | INFO | Loss: 0.5925, Train Accuracy: 80.42%, Test Accuracy: 79.63%
2025-04-13 14:54:03 | INFO | Epoch [69/200]
2025-04-13 14:54:03 | INFO | Loss: 0.5907, Train Accuracy: 80.45%, Test Accuracy: 79.60%
2025-04-13 14:54:10 | INFO | Epoch [70/200]
2025-04-13 14:54:10 | INFO | Loss: 0.5888, Train Accuracy: 80.53%, Test Accuracy: 79.91%
2025-04-13 14:54:18 | INFO | Epoch [71/200]
2025-04-13 14:54:18 | INFO | Loss: 0.5855, Train Accuracy: 80.62%, Test Accuracy: 79.85%
2025-04-13 14:54:24 | INFO | Epoch [72/200]
2025-04-13 14:54:24 | INFO | Loss: 0.5830, Train Accuracy: 80.72%, Test Accuracy: 79.97%
2025-04-13 14:54:32 | INFO | Epoch [73/200]
2025-04-13 14:54:32 | INFO | Loss: 0.5828, Train Accuracy: 80.75%, Test Accuracy: 79.83%
2025-04-13 14:54:40 | INFO | Epoch [74/200]
2025-04-13 14:54:40 | INFO | Loss: 0.5797, Train Accuracy: 80.84%, Test Accuracy: 80.08%
2025-04-13 14:54:47 | INFO | Epoch [75/200]
2025-04-13 14:54:47 | INFO | Loss: 0.5775, Train Accuracy: 80.89%, Test Accuracy: 80.02%
2025-04-13 14:54:54 | INFO | Epoch [76/200]
2025-04-13 14:54:54 | INFO | Loss: 0.5770, Train Accuracy: 80.93%, Test Accuracy: 80.11%
2025-04-13 14:55:01 | INFO | Epoch [77/200]
2025-04-13 14:55:01 | INFO | Loss: 0.5762, Train Accuracy: 80.93%, Test Accuracy: 80.01%
2025-04-13 14:55:08 | INFO | Epoch [78/200]
2025-04-13 14:55:08 | INFO | Loss: 0.5735, Train Accuracy: 81.03%, Test Accuracy: 80.22%
2025-04-13 14:55:15 | INFO | Epoch [79/200]
2025-04-13 14:55:15 | INFO | Loss: 0.5723, Train Accuracy: 81.06%, Test Accuracy: 80.26%
2025-04-13 14:55:22 | INFO | Epoch [80/200]
2025-04-13 14:55:22 | INFO | Loss: 0.5698, Train Accuracy: 81.17%, Test Accuracy: 80.27%
2025-04-13 14:55:29 | INFO | Epoch [81/200]
2025-04-13 14:55:29 | INFO | Loss: 0.5687, Train Accuracy: 81.18%, Test Accuracy: 80.34%
2025-04-13 14:55:37 | INFO | Epoch [82/200]
2025-04-13 14:55:37 | INFO | Loss: 0.5663, Train Accuracy: 81.25%, Test Accuracy: 80.36%
2025-04-13 14:55:44 | INFO | Epoch [83/200]
2025-04-13 14:55:44 | INFO | Loss: 0.5658, Train Accuracy: 81.28%, Test Accuracy: 80.37%
2025-04-13 14:55:50 | INFO | Epoch [84/200]
2025-04-13 14:55:50 | INFO | Loss: 0.5650, Train Accuracy: 81.28%, Test Accuracy: 80.39%
2025-04-13 14:55:58 | INFO | Epoch [85/200]
2025-04-13 14:55:58 | INFO | Loss: 0.5628, Train Accuracy: 81.36%, Test Accuracy: 80.43%
2025-04-13 14:56:06 | INFO | Epoch [86/200]
2025-04-13 14:56:06 | INFO | Loss: 0.5615, Train Accuracy: 81.43%, Test Accuracy: 80.32%
2025-04-13 14:56:13 | INFO | Epoch [87/200]
2025-04-13 14:56:13 | INFO | Loss: 0.5603, Train Accuracy: 81.45%, Test Accuracy: 80.49%
2025-04-13 14:56:20 | INFO | Epoch [88/200]
2025-04-13 14:56:20 | INFO | Loss: 0.5596, Train Accuracy: 81.47%, Test Accuracy: 80.46%
2025-04-13 14:56:27 | INFO | Epoch [89/200]
2025-04-13 14:56:27 | INFO | Loss: 0.5579, Train Accuracy: 81.53%, Test Accuracy: 80.46%
2025-04-13 14:56:34 | INFO | Epoch [90/200]
2025-04-13 14:56:34 | INFO | Loss: 0.5571, Train Accuracy: 81.53%, Test Accuracy: 80.61%
2025-04-13 14:56:41 | INFO | Epoch [91/200]
2025-04-13 14:56:41 | INFO | Loss: 0.5553, Train Accuracy: 81.60%, Test Accuracy: 80.50%
2025-04-13 14:56:48 | INFO | Epoch [92/200]
2025-04-13 14:56:48 | INFO | Loss: 0.5561, Train Accuracy: 81.57%, Test Accuracy: 80.63%
2025-04-13 14:56:56 | INFO | Epoch [93/200]
2025-04-13 14:56:56 | INFO | Loss: 0.5535, Train Accuracy: 81.66%, Test Accuracy: 80.66%
2025-04-13 14:57:03 | INFO | Epoch [94/200]
2025-04-13 14:57:03 | INFO | Loss: 0.5512, Train Accuracy: 81.73%, Test Accuracy: 80.62%
2025-04-13 14:57:10 | INFO | Epoch [95/200]
2025-04-13 14:57:10 | INFO | Loss: 0.5497, Train Accuracy: 81.77%, Test Accuracy: 80.68%
2025-04-13 14:57:16 | INFO | Epoch [96/200]
2025-04-13 14:57:16 | INFO | Loss: 0.5484, Train Accuracy: 81.81%, Test Accuracy: 80.71%
2025-04-13 14:57:23 | INFO | Epoch [97/200]
2025-04-13 14:57:23 | INFO | Loss: 0.5474, Train Accuracy: 81.85%, Test Accuracy: 80.69%
2025-04-13 14:57:31 | INFO | Epoch [98/200]
2025-04-13 14:57:31 | INFO | Loss: 0.5480, Train Accuracy: 81.83%, Test Accuracy: 80.65%
2025-04-13 14:57:38 | INFO | Epoch [99/200]
2025-04-13 14:57:38 | INFO | Loss: 0.5465, Train Accuracy: 81.88%, Test Accuracy: 80.73%
2025-04-13 14:57:46 | INFO | Epoch [100/200]
2025-04-13 14:57:46 | INFO | Loss: 0.5444, Train Accuracy: 81.93%, Test Accuracy: 80.79%
2025-04-13 14:57:53 | INFO | Epoch [101/200]
2025-04-13 14:57:53 | INFO | Loss: 0.5428, Train Accuracy: 82.01%, Test Accuracy: 80.71%
2025-04-13 14:57:59 | INFO | Epoch [102/200]
2025-04-13 14:57:59 | INFO | Loss: 0.5416, Train Accuracy: 82.04%, Test Accuracy: 80.88%
2025-04-13 14:58:06 | INFO | Epoch [103/200]
2025-04-13 14:58:06 | INFO | Loss: 0.5403, Train Accuracy: 82.08%, Test Accuracy: 80.87%
2025-04-13 14:58:14 | INFO | Epoch [104/200]
2025-04-13 14:58:14 | INFO | Loss: 0.5390, Train Accuracy: 82.14%, Test Accuracy: 80.82%
2025-04-13 14:58:22 | INFO | Epoch [105/200]
2025-04-13 14:58:22 | INFO | Loss: 0.5393, Train Accuracy: 82.13%, Test Accuracy: 80.88%
2025-04-13 14:58:28 | INFO | Epoch [106/200]
2025-04-13 14:58:28 | INFO | Loss: 0.5381, Train Accuracy: 82.15%, Test Accuracy: 80.88%
2025-04-13 14:58:35 | INFO | Epoch [107/200]
2025-04-13 14:58:35 | INFO | Loss: 0.5361, Train Accuracy: 82.22%, Test Accuracy: 80.93%
2025-04-13 14:58:42 | INFO | Epoch [108/200]
2025-04-13 14:58:42 | INFO | Loss: 0.5357, Train Accuracy: 82.21%, Test Accuracy: 80.91%
2025-04-13 14:58:49 | INFO | Epoch [109/200]
2025-04-13 14:58:49 | INFO | Loss: 0.5359, Train Accuracy: 82.20%, Test Accuracy: 80.83%
2025-04-13 14:58:57 | INFO | Epoch [110/200]
2025-04-13 14:58:57 | INFO | Loss: 0.5343, Train Accuracy: 82.25%, Test Accuracy: 80.91%
2025-04-13 14:59:04 | INFO | Epoch [111/200]
2025-04-13 14:59:04 | INFO | Loss: 0.5336, Train Accuracy: 82.29%, Test Accuracy: 80.88%
2025-04-13 14:59:12 | INFO | Epoch [112/200]
2025-04-13 14:59:12 | INFO | Loss: 0.5321, Train Accuracy: 82.30%, Test Accuracy: 80.96%
2025-04-13 14:59:19 | INFO | Epoch [113/200]
2025-04-13 14:59:19 | INFO | Loss: 0.5306, Train Accuracy: 82.37%, Test Accuracy: 80.98%
2025-04-13 14:59:25 | INFO | Epoch [114/200]
2025-04-13 14:59:25 | INFO | Loss: 0.5292, Train Accuracy: 82.43%, Test Accuracy: 80.96%
2025-04-13 14:59:32 | INFO | Epoch [115/200]
2025-04-13 14:59:32 | INFO | Loss: 0.5294, Train Accuracy: 82.42%, Test Accuracy: 81.04%
2025-04-13 14:59:40 | INFO | Epoch [116/200]
2025-04-13 14:59:40 | INFO | Loss: 0.5282, Train Accuracy: 82.44%, Test Accuracy: 80.97%
2025-04-13 14:59:47 | INFO | Epoch [117/200]
2025-04-13 14:59:47 | INFO | Loss: 0.5274, Train Accuracy: 82.50%, Test Accuracy: 80.98%
2025-04-13 14:59:55 | INFO | Epoch [118/200]
2025-04-13 14:59:55 | INFO | Loss: 0.5274, Train Accuracy: 82.46%, Test Accuracy: 80.86%
2025-04-13 15:00:02 | INFO | Epoch [119/200]
2025-04-13 15:00:02 | INFO | Loss: 0.5267, Train Accuracy: 82.53%, Test Accuracy: 81.09%
2025-04-13 15:00:09 | INFO | Epoch [120/200]
2025-04-13 15:00:09 | INFO | Loss: 0.5257, Train Accuracy: 82.51%, Test Accuracy: 81.01%
2025-04-13 15:00:16 | INFO | Epoch [121/200]
2025-04-13 15:00:16 | INFO | Loss: 0.5243, Train Accuracy: 82.57%, Test Accuracy: 81.05%
2025-04-13 15:00:24 | INFO | Epoch [122/200]
2025-04-13 15:00:24 | INFO | Loss: 0.5241, Train Accuracy: 82.60%, Test Accuracy: 81.00%
2025-04-13 15:00:31 | INFO | Epoch [123/200]
2025-04-13 15:00:31 | INFO | Loss: 0.5257, Train Accuracy: 82.51%, Test Accuracy: 81.06%
2025-04-13 15:00:38 | INFO | Epoch [124/200]
2025-04-13 15:00:38 | INFO | Loss: 0.5215, Train Accuracy: 82.68%, Test Accuracy: 81.19%
2025-04-13 15:00:45 | INFO | Epoch [125/200]
2025-04-13 15:00:45 | INFO | Loss: 0.5197, Train Accuracy: 82.73%, Test Accuracy: 81.12%
2025-04-13 15:00:51 | INFO | Epoch [126/200]
2025-04-13 15:00:51 | INFO | Loss: 0.5187, Train Accuracy: 82.77%, Test Accuracy: 81.19%
2025-04-13 15:00:59 | INFO | Epoch [127/200]
2025-04-13 15:00:59 | INFO | Loss: 0.5185, Train Accuracy: 82.77%, Test Accuracy: 81.10%
2025-04-13 15:01:06 | INFO | Epoch [128/200]
2025-04-13 15:01:06 | INFO | Loss: 0.5189, Train Accuracy: 82.75%, Test Accuracy: 81.21%
2025-04-13 15:01:13 | INFO | Epoch [129/200]
2025-04-13 15:01:13 | INFO | Loss: 0.5168, Train Accuracy: 82.83%, Test Accuracy: 81.27%
2025-04-13 15:01:21 | INFO | Epoch [130/200]
2025-04-13 15:01:21 | INFO | Loss: 0.5161, Train Accuracy: 82.84%, Test Accuracy: 81.13%
2025-04-13 15:01:28 | INFO | Epoch [131/200]
2025-04-13 15:01:28 | INFO | Loss: 0.5160, Train Accuracy: 82.85%, Test Accuracy: 81.27%
2025-04-13 15:01:34 | INFO | Epoch [132/200]
2025-04-13 15:01:34 | INFO | Loss: 0.5145, Train Accuracy: 82.93%, Test Accuracy: 81.18%
2025-04-13 15:01:41 | INFO | Epoch [133/200]
2025-04-13 15:01:41 | INFO | Loss: 0.5146, Train Accuracy: 82.89%, Test Accuracy: 81.25%
2025-04-13 15:01:49 | INFO | Epoch [134/200]
2025-04-13 15:01:49 | INFO | Loss: 0.5131, Train Accuracy: 82.94%, Test Accuracy: 81.29%
2025-04-13 15:01:56 | INFO | Epoch [135/200]
2025-04-13 15:01:56 | INFO | Loss: 0.5123, Train Accuracy: 82.98%, Test Accuracy: 81.31%
2025-04-13 15:02:03 | INFO | Epoch [136/200]
2025-04-13 15:02:03 | INFO | Loss: 0.5111, Train Accuracy: 83.00%, Test Accuracy: 81.36%
2025-04-13 15:02:10 | INFO | Epoch [137/200]
2025-04-13 15:02:10 | INFO | Loss: 0.5103, Train Accuracy: 83.04%, Test Accuracy: 81.39%
2025-04-13 15:02:17 | INFO | Epoch [138/200]
2025-04-13 15:02:17 | INFO | Loss: 0.5094, Train Accuracy: 83.06%, Test Accuracy: 81.35%
2025-04-13 15:02:24 | INFO | Epoch [139/200]
2025-04-13 15:02:24 | INFO | Loss: 0.5090, Train Accuracy: 83.08%, Test Accuracy: 81.30%
2025-04-13 15:02:32 | INFO | Epoch [140/200]
2025-04-13 15:02:32 | INFO | Loss: 0.5092, Train Accuracy: 83.07%, Test Accuracy: 81.35%
2025-04-13 15:02:39 | INFO | Epoch [141/200]
2025-04-13 15:02:39 | INFO | Loss: 0.5083, Train Accuracy: 83.11%, Test Accuracy: 81.36%
2025-04-13 15:02:47 | INFO | Epoch [142/200]
2025-04-13 15:02:47 | INFO | Loss: 0.5080, Train Accuracy: 83.11%, Test Accuracy: 81.34%
2025-04-13 15:02:54 | INFO | Epoch [143/200]
2025-04-13 15:02:54 | INFO | Loss: 0.5068, Train Accuracy: 83.15%, Test Accuracy: 81.40%
2025-04-13 15:03:01 | INFO | Epoch [144/200]
2025-04-13 15:03:01 | INFO | Loss: 0.5059, Train Accuracy: 83.19%, Test Accuracy: 81.42%
2025-04-13 15:03:08 | INFO | Epoch [145/200]
2025-04-13 15:03:08 | INFO | Loss: 0.5058, Train Accuracy: 83.17%, Test Accuracy: 81.41%
2025-04-13 15:03:16 | INFO | Epoch [146/200]
2025-04-13 15:03:16 | INFO | Loss: 0.5042, Train Accuracy: 83.24%, Test Accuracy: 81.39%
2025-04-13 15:03:24 | INFO | Epoch [147/200]
2025-04-13 15:03:24 | INFO | Loss: 0.5039, Train Accuracy: 83.25%, Test Accuracy: 81.48%
2025-04-13 15:03:31 | INFO | Epoch [148/200]
2025-04-13 15:03:31 | INFO | Loss: 0.5039, Train Accuracy: 83.25%, Test Accuracy: 81.42%
2025-04-13 15:03:39 | INFO | Epoch [149/200]
2025-04-13 15:03:39 | INFO | Loss: 0.5053, Train Accuracy: 83.18%, Test Accuracy: 81.18%
2025-04-13 15:03:45 | INFO | Epoch [150/200]
2025-04-13 15:03:45 | INFO | Loss: 0.5073, Train Accuracy: 83.10%, Test Accuracy: 81.37%
2025-04-13 15:03:53 | INFO | Epoch [151/200]
2025-04-13 15:03:53 | INFO | Loss: 0.5024, Train Accuracy: 83.26%, Test Accuracy: 81.48%
2025-04-13 15:04:01 | INFO | Epoch [152/200]
2025-04-13 15:04:01 | INFO | Loss: 0.5011, Train Accuracy: 83.34%, Test Accuracy: 81.38%
2025-04-13 15:04:08 | INFO | Epoch [153/200]
2025-04-13 15:04:08 | INFO | Loss: 0.5006, Train Accuracy: 83.32%, Test Accuracy: 81.45%
2025-04-13 15:04:15 | INFO | Epoch [154/200]
2025-04-13 15:04:15 | INFO | Loss: 0.5002, Train Accuracy: 83.35%, Test Accuracy: 81.53%
2025-04-13 15:04:22 | INFO | Epoch [155/200]
2025-04-13 15:04:22 | INFO | Loss: 0.4991, Train Accuracy: 83.42%, Test Accuracy: 81.51%
2025-04-13 15:04:28 | INFO | Epoch [156/200]
2025-04-13 15:04:28 | INFO | Loss: 0.4987, Train Accuracy: 83.42%, Test Accuracy: 81.41%
2025-04-13 15:04:35 | INFO | Epoch [157/200]
2025-04-13 15:04:35 | INFO | Loss: 0.4984, Train Accuracy: 83.44%, Test Accuracy: 81.44%
2025-04-13 15:04:43 | INFO | Epoch [158/200]
2025-04-13 15:04:43 | INFO | Loss: 0.4973, Train Accuracy: 83.45%, Test Accuracy: 81.56%
2025-04-13 15:04:50 | INFO | Epoch [159/200]
2025-04-13 15:04:50 | INFO | Loss: 0.4973, Train Accuracy: 83.45%, Test Accuracy: 81.53%
2025-04-13 15:04:57 | INFO | Epoch [160/200]
2025-04-13 15:04:57 | INFO | Loss: 0.4963, Train Accuracy: 83.47%, Test Accuracy: 81.50%
2025-04-13 15:05:04 | INFO | Epoch [161/200]
2025-04-13 15:05:04 | INFO | Loss: 0.4952, Train Accuracy: 83.54%, Test Accuracy: 81.59%
2025-04-13 15:05:11 | INFO | Epoch [162/200]
2025-04-13 15:05:11 | INFO | Loss: 0.4947, Train Accuracy: 83.53%, Test Accuracy: 81.57%
2025-04-13 15:05:18 | INFO | Epoch [163/200]
2025-04-13 15:05:18 | INFO | Loss: 0.4936, Train Accuracy: 83.57%, Test Accuracy: 81.46%
2025-04-13 15:05:25 | INFO | Epoch [164/200]
2025-04-13 15:05:25 | INFO | Loss: 0.4941, Train Accuracy: 83.53%, Test Accuracy: 81.49%
2025-04-13 15:05:33 | INFO | Epoch [165/200]
2025-04-13 15:05:33 | INFO | Loss: 0.4934, Train Accuracy: 83.59%, Test Accuracy: 81.53%
2025-04-13 15:05:42 | INFO | Epoch [166/200]
2025-04-13 15:05:42 | INFO | Loss: 0.4922, Train Accuracy: 83.63%, Test Accuracy: 81.60%
2025-04-13 15:05:50 | INFO | Epoch [167/200]
2025-04-13 15:05:50 | INFO | Loss: 0.4919, Train Accuracy: 83.66%, Test Accuracy: 81.59%
2025-04-13 15:05:56 | INFO | Epoch [168/200]
2025-04-13 15:05:56 | INFO | Loss: 0.4919, Train Accuracy: 83.62%, Test Accuracy: 81.51%
2025-04-13 15:06:04 | INFO | Epoch [169/200]
2025-04-13 15:06:04 | INFO | Loss: 0.4924, Train Accuracy: 83.61%, Test Accuracy: 81.47%
2025-04-13 15:06:11 | INFO | Epoch [170/200]
2025-04-13 15:06:11 | INFO | Loss: 0.4906, Train Accuracy: 83.69%, Test Accuracy: 81.56%
2025-04-13 15:06:19 | INFO | Epoch [171/200]
2025-04-13 15:06:19 | INFO | Loss: 0.4889, Train Accuracy: 83.73%, Test Accuracy: 81.60%
2025-04-13 15:06:26 | INFO | Epoch [172/200]
2025-04-13 15:06:26 | INFO | Loss: 0.4890, Train Accuracy: 83.73%, Test Accuracy: 81.62%
2025-04-13 15:06:33 | INFO | Epoch [173/200]
2025-04-13 15:06:33 | INFO | Loss: 0.4889, Train Accuracy: 83.73%, Test Accuracy: 81.64%
2025-04-13 15:06:40 | INFO | Epoch [174/200]
2025-04-13 15:06:40 | INFO | Loss: 0.4884, Train Accuracy: 83.73%, Test Accuracy: 81.48%
2025-04-13 15:06:47 | INFO | Epoch [175/200]
2025-04-13 15:06:47 | INFO | Loss: 0.4892, Train Accuracy: 83.71%, Test Accuracy: 81.51%
2025-04-13 15:06:55 | INFO | Epoch [176/200]
2025-04-13 15:06:55 | INFO | Loss: 0.4880, Train Accuracy: 83.73%, Test Accuracy: 81.57%
2025-04-13 15:07:03 | INFO | Epoch [177/200]
2025-04-13 15:07:03 | INFO | Loss: 0.4892, Train Accuracy: 83.70%, Test Accuracy: 81.65%
2025-04-13 15:07:10 | INFO | Epoch [178/200]
2025-04-13 15:07:10 | INFO | Loss: 0.4865, Train Accuracy: 83.81%, Test Accuracy: 81.57%
2025-04-13 15:07:17 | INFO | Epoch [179/200]
2025-04-13 15:07:17 | INFO | Loss: 0.4861, Train Accuracy: 83.83%, Test Accuracy: 81.53%
2025-04-13 15:07:24 | INFO | Epoch [180/200]
2025-04-13 15:07:24 | INFO | Loss: 0.4864, Train Accuracy: 83.81%, Test Accuracy: 81.69%
2025-04-13 15:07:32 | INFO | Epoch [181/200]
2025-04-13 15:07:32 | INFO | Loss: 0.4845, Train Accuracy: 83.86%, Test Accuracy: 81.62%
2025-04-13 15:07:40 | INFO | Epoch [182/200]
2025-04-13 15:07:40 | INFO | Loss: 0.4841, Train Accuracy: 83.90%, Test Accuracy: 81.71%
2025-04-13 15:07:47 | INFO | Epoch [183/200]
2025-04-13 15:07:47 | INFO | Loss: 0.4828, Train Accuracy: 83.94%, Test Accuracy: 81.69%
2025-04-13 15:07:54 | INFO | Epoch [184/200]
2025-04-13 15:07:54 | INFO | Loss: 0.4826, Train Accuracy: 83.95%, Test Accuracy: 81.67%
2025-04-13 15:08:02 | INFO | Epoch [185/200]
2025-04-13 15:08:02 | INFO | Loss: 0.4833, Train Accuracy: 83.92%, Test Accuracy: 81.54%
2025-04-13 15:08:08 | INFO | Epoch [186/200]
2025-04-13 15:08:08 | INFO | Loss: 0.4841, Train Accuracy: 83.88%, Test Accuracy: 81.71%
2025-04-13 15:08:16 | INFO | Epoch [187/200]
2025-04-13 15:08:16 | INFO | Loss: 0.4820, Train Accuracy: 83.93%, Test Accuracy: 81.68%
2025-04-13 15:08:23 | INFO | Epoch [188/200]
2025-04-13 15:08:23 | INFO | Loss: 0.4823, Train Accuracy: 83.96%, Test Accuracy: 81.74%
2025-04-13 15:08:30 | INFO | Epoch [189/200]
2025-04-13 15:08:30 | INFO | Loss: 0.4813, Train Accuracy: 83.96%, Test Accuracy: 81.69%
2025-04-13 15:08:38 | INFO | Epoch [190/200]
2025-04-13 15:08:38 | INFO | Loss: 0.4798, Train Accuracy: 84.04%, Test Accuracy: 81.74%
2025-04-13 15:08:46 | INFO | Epoch [191/200]
2025-04-13 15:08:46 | INFO | Loss: 0.4791, Train Accuracy: 84.06%, Test Accuracy: 81.62%
2025-04-13 15:08:52 | INFO | Epoch [192/200]
2025-04-13 15:08:52 | INFO | Loss: 0.4794, Train Accuracy: 84.07%, Test Accuracy: 81.68%
2025-04-13 15:09:00 | INFO | Epoch [193/200]
2025-04-13 15:09:00 | INFO | Loss: 0.4801, Train Accuracy: 84.04%, Test Accuracy: 81.64%
2025-04-13 15:09:07 | INFO | Epoch [194/200]
2025-04-13 15:09:07 | INFO | Loss: 0.4787, Train Accuracy: 84.06%, Test Accuracy: 81.74%
2025-04-13 15:09:14 | INFO | Epoch [195/200]
2025-04-13 15:09:14 | INFO | Loss: 0.4774, Train Accuracy: 84.11%, Test Accuracy: 81.76%
2025-04-13 15:09:22 | INFO | Epoch [196/200]
2025-04-13 15:09:22 | INFO | Loss: 0.4774, Train Accuracy: 84.11%, Test Accuracy: 81.74%
2025-04-13 15:09:29 | INFO | Epoch [197/200]
2025-04-13 15:09:29 | INFO | Loss: 0.4767, Train Accuracy: 84.14%, Test Accuracy: 81.77%
2025-04-13 15:09:35 | INFO | Epoch [198/200]
2025-04-13 15:09:35 | INFO | Loss: 0.4769, Train Accuracy: 84.13%, Test Accuracy: 81.75%
2025-04-13 15:09:43 | INFO | Epoch [199/200]
2025-04-13 15:09:43 | INFO | Loss: 0.4754, Train Accuracy: 84.17%, Test Accuracy: 81.77%
2025-04-13 15:09:50 | INFO | Epoch [200/200]
2025-04-13 15:09:50 | INFO | Loss: 0.4754, Train Accuracy: 84.17%, Test Accuracy: 81.73%
2025-04-13 15:09:50 | INFO | Save Classify Model To: ./stage-2/classify_models/classify_model.pth
