2025-04-12 16:49:59 | INFO | SAMPLE_MODE: False
2025-04-12 16:49:59 | INFO | VECTOR_SIZE: 60
2025-04-12 16:49:59 | INFO | TRAINING_WINDOW: 2
2025-04-12 16:49:59 | INFO | TRAINING_EPOCHS: 300
2025-04-12 16:49:59 | INFO | TRAINING_MIN_COUNT: 2
2025-04-12 16:49:59 | INFO | TRAINING_WORKERS: 4
2025-04-12 16:49:59 | INFO | Creating Model
2025-04-12 16:49:59 | INFO | ============== Start Training ==============
2025-04-12 16:49:59 | INFO | Loading Tokenized Titles From ./stage-2/tokenized_data\tokenized_baseball.csv
2025-04-12 16:49:59 | INFO | Tokenized Titles Ready
2025-04-12 16:49:59 | INFO | Loading Tokenized Titles From ./stage-2/tokenized_data\tokenized_Boy-Girl.csv
2025-04-12 16:50:00 | INFO | Tokenized Titles Ready
2025-04-12 16:50:00 | INFO | Loading Tokenized Titles From ./stage-2/tokenized_data\tokenized_c_chat.csv
2025-04-12 16:50:00 | INFO | Tokenized Titles Ready
2025-04-12 16:50:00 | INFO | Loading Tokenized Titles From ./stage-2/tokenized_data\tokenized_hatepolitics.csv
2025-04-12 16:50:00 | INFO | Tokenized Titles Ready
2025-04-12 16:50:00 | INFO | Loading Tokenized Titles From ./stage-2/tokenized_data\tokenized_Lifeismoney.csv
2025-04-12 16:50:01 | INFO | Tokenized Titles Ready
2025-04-12 16:50:01 | INFO | Loading Tokenized Titles From ./stage-2/tokenized_data\tokenized_Military.csv
2025-04-12 16:50:01 | INFO | Tokenized Titles Ready
2025-04-12 16:50:01 | INFO | Loading Tokenized Titles From ./stage-2/tokenized_data\tokenized_pc_shopping.csv
2025-04-12 16:50:01 | INFO | Tokenized Titles Ready
2025-04-12 16:50:01 | INFO | Loading Tokenized Titles From ./stage-2/tokenized_data\tokenized_stock.csv
2025-04-12 16:50:01 | INFO | Tokenized Titles Ready
2025-04-12 16:50:01 | INFO | Loading Tokenized Titles From ./stage-2/tokenized_data\tokenized_Tech_Job.csv
2025-04-12 16:50:01 | INFO | Tokenized Titles Ready
2025-04-12 16:50:01 | INFO | Start Training
2025-04-12 19:25:32 | INFO | Saving Model
2025-04-12 19:25:32 | INFO | ============== Start Evaluating ==============
2025-04-12 19:25:32 | INFO | Evaluating tokenized_baseball.csv
2025-04-12 19:25:32 | INFO | Loading Tokenized Titles From ./stage-2/tokenized_data\tokenized_baseball.csv
2025-04-12 19:25:32 | INFO | Tokenized Titles Ready
2025-04-12 19:25:33 | INFO | Evaluating
2025-04-12 19:25:33 | INFO | 0
2025-04-12 19:28:09 | INFO | 10000
2025-04-12 19:30:43 | INFO | 20000
2025-04-12 19:33:17 | INFO | 30000
2025-04-12 19:35:51 | INFO | 40000
2025-04-12 19:38:26 | INFO | 50000
2025-04-12 19:41:02 | INFO | 60000
2025-04-12 19:43:40 | INFO | 70000
2025-04-12 19:46:16 | INFO | 80000
2025-04-12 19:48:51 | INFO | 90000
2025-04-12 19:51:25 | INFO | 100000
2025-04-12 19:53:58 | INFO | 110000
2025-04-12 19:56:33 | INFO | 120000
2025-04-12 19:59:06 | INFO | 130000
2025-04-12 20:01:39 | INFO | 140000
2025-04-12 20:04:12 | INFO | 150000
2025-04-12 20:06:44 | INFO | 160000
2025-04-12 20:09:19 | INFO | 170000
2025-04-12 20:11:53 | INFO | 180000
2025-04-12 20:12:31 | INFO | Self Similarity 80.914 %
2025-04-12 20:12:31 | INFO | Second Self Similarity 83.231 %
2025-04-12 20:12:31 | INFO | Evaluating tokenized_Boy-Girl.csv
2025-04-12 20:12:31 | INFO | Loading Tokenized Titles From ./stage-2/tokenized_data\tokenized_Boy-Girl.csv
2025-04-12 20:12:31 | INFO | Tokenized Titles Ready
2025-04-12 20:12:31 | INFO | Evaluating
2025-04-12 20:12:31 | INFO | 0
2025-04-12 20:15:03 | INFO | 10000
2025-04-12 20:17:33 | INFO | 20000
2025-04-12 20:20:01 | INFO | 30000
2025-04-12 20:22:28 | INFO | 40000
2025-04-12 20:24:56 | INFO | 50000
2025-04-12 20:26:28 | INFO | Self Similarity 87.923 %
2025-04-12 20:26:28 | INFO | Second Self Similarity 90.950 %
2025-04-12 20:26:28 | INFO | Evaluating tokenized_c_chat.csv
2025-04-12 20:26:28 | INFO | Loading Tokenized Titles From ./stage-2/tokenized_data\tokenized_c_chat.csv
2025-04-12 20:26:29 | INFO | Tokenized Titles Ready
2025-04-12 20:26:29 | INFO | Evaluating
2025-04-12 20:26:29 | INFO | 0
2025-04-12 20:28:59 | INFO | 10000
2025-04-12 20:31:29 | INFO | 20000
2025-04-12 20:33:59 | INFO | 30000
2025-04-12 20:36:29 | INFO | 40000
2025-04-12 20:38:56 | INFO | 50000
2025-04-12 20:41:33 | INFO | 60000
2025-04-12 20:44:07 | INFO | 70000
2025-04-12 20:46:37 | INFO | 80000
2025-04-12 20:49:07 | INFO | 90000
2025-04-12 20:51:40 | INFO | 100000
2025-04-12 20:54:20 | INFO | 110000
2025-04-12 20:56:53 | INFO | 120000
2025-04-12 20:59:22 | INFO | 130000
2025-04-12 21:01:53 | INFO | 140000
2025-04-12 21:04:23 | INFO | 150000
2025-04-12 21:06:53 | INFO | 160000
2025-04-12 21:07:16 | INFO | Self Similarity 89.969 %
2025-04-12 21:07:16 | INFO | Second Self Similarity 91.883 %
2025-04-12 21:07:16 | INFO | Evaluating tokenized_hatepolitics.csv
2025-04-12 21:07:16 | INFO | Loading Tokenized Titles From ./stage-2/tokenized_data\tokenized_hatepolitics.csv
2025-04-12 21:07:17 | INFO | Tokenized Titles Ready
2025-04-12 21:07:17 | INFO | Evaluating
2025-04-12 21:07:17 | INFO | 0
