2025-04-13 16:31:15 | INFO | SAMPLE_MODE: False
2025-04-13 16:31:15 | INFO | VECTOR_SIZE: 100
2025-04-13 16:31:15 | INFO | TRAINING_WINDOW: 2
2025-04-13 16:31:15 | INFO | TRAINING_EPOCHS: 300
2025-04-13 16:31:15 | INFO | TRAINING_MIN_COUNT: 2
2025-04-13 16:31:15 | INFO | TRAINING_WORKERS: 4
2025-04-13 16:31:15 | INFO | Creating Model
2025-04-13 16:31:15 | INFO | ============== Start Training ==============
2025-04-13 16:31:15 | INFO | Loading Tokenized Titles From ./stage-2/tokenized_data\tokenized_baseball.csv
2025-04-13 16:31:16 | INFO | Tokenized Titles Ready
2025-04-13 16:31:16 | INFO | Loading Tokenized Titles From ./stage-2/tokenized_data\tokenized_Boy-Girl.csv
2025-04-13 16:31:16 | INFO | Tokenized Titles Ready
2025-04-13 16:31:16 | INFO | Loading Tokenized Titles From ./stage-2/tokenized_data\tokenized_c_chat.csv
2025-04-13 16:31:17 | INFO | Tokenized Titles Ready
2025-04-13 16:31:17 | INFO | Loading Tokenized Titles From ./stage-2/tokenized_data\tokenized_hatepolitics.csv
2025-04-13 16:31:17 | INFO | Tokenized Titles Ready
2025-04-13 16:31:17 | INFO | Loading Tokenized Titles From ./stage-2/tokenized_data\tokenized_Lifeismoney.csv
2025-04-13 16:31:17 | INFO | Tokenized Titles Ready
2025-04-13 16:31:17 | INFO | Loading Tokenized Titles From ./stage-2/tokenized_data\tokenized_Military.csv
2025-04-13 16:31:17 | INFO | Tokenized Titles Ready
2025-04-13 16:31:17 | INFO | Loading Tokenized Titles From ./stage-2/tokenized_data\tokenized_pc_shopping.csv
2025-04-13 16:31:17 | INFO | Tokenized Titles Ready
2025-04-13 16:31:17 | INFO | Loading Tokenized Titles From ./stage-2/tokenized_data\tokenized_stock.csv
2025-04-13 16:31:18 | INFO | Tokenized Titles Ready
2025-04-13 16:31:18 | INFO | Loading Tokenized Titles From ./stage-2/tokenized_data\tokenized_Tech_Job.csv
2025-04-13 16:31:18 | INFO | Tokenized Titles Ready
2025-04-13 16:31:18 | INFO | Start Training
